Using pre-set license
Built from '2020.2/release' branch; Version is '2020.2.1f1 (270dd8c3da1c) revision 2559448'; Using compiler version '192528614'; Build Type 'Release'
OS: 'Windows 10  (10.0.0) 64bit' Language: 'en' Physical Memory: 8107 MB
BatchMode: 1, IsHumanControllingUs: 0, StartBugReporterOnCrash: 0, Is64bit: 1, IsPro: 0

 COMMAND LINE ARGUMENTS:
C:\Users\piroo\Unity\2020.2.1f1\Editor\Unity.exe
-adb2
-batchMode
-noUpm
-name
AssetImportWorker0
-projectPath
C:/Users/piroo/Unity/2D Platformer 2.0
-logFile
Logs/AssetImportWorker0.log
-srvPort
63618
Successfully changed project path to: C:/Users/piroo/Unity/2D Platformer 2.0
C:/Users/piroo/Unity/2D Platformer 2.0
Using Asset Import Pipeline V2.
Refreshing native plugins compatible for Editor in 136.06 ms, found 1 plugins.
Preloading 0 native plugins for Editor in 0.00 ms.
Initialize engine version: 2020.2.1f1 (270dd8c3da1c)
[Subsystems] Discovering subsystems at path C:/Users/piroo/Unity/2020.2.1f1/Editor/Data/Resources/UnitySubsystems
[Subsystems] Discovering subsystems at path C:/Users/piroo/Unity/2D Platformer 2.0/Assets
GfxDevice: creating device client; threaded=0
Direct3D:
    Version:  Direct3D 11.0 [level 11.1]
    Renderer: Intel(R) UHD Graphics 620 (ID=0x5917)
    Vendor:   
    VRAM:     4053 MB
    Driver:   26.20.100.7324
Initialize mono
Mono path[0] = 'C:/Users/piroo/Unity/2020.2.1f1/Editor/Data/Managed'
Mono path[1] = 'C:/Users/piroo/Unity/2020.2.1f1/Editor/Data/MonoBleedingEdge/lib/mono/unityjit'
Mono config path = 'C:/Users/piroo/Unity/2020.2.1f1/Editor/Data/MonoBleedingEdge/etc'
Using monoOptions --debugger-agent=transport=dt_socket,embedding=1,server=y,suspend=n,address=127.0.0.1:56084
Begin MonoManager ReloadAssembly
Registering precompiled unity dll's ...
Register platform support module: C:/Users/piroo/Unity/2020.2.1f1/Editor/Data/PlaybackEngines/WindowsStandaloneSupport/UnityEditor.WindowsStandalone.Extensions.dll
Registered in 0.004102 seconds.
Native extension for WindowsStandalone target not found
Refreshing native plugins compatible for Editor in 63.31 ms, found 1 plugins.
Preloading 0 native plugins for Editor in 0.00 ms.
Invoked RoslynAnalysisRunner static constructor.
RoslynAnalysisRunner will not be running.
RoslynAnalysisRunner has terminated.
Mono: successfully reloaded assembly
- Completed reload, in  6.441 seconds
Platform modules already initialized, skipping
Registering precompiled user dll's ...
Registered in 0.002886 seconds.
Begin MonoManager ReloadAssembly
Native extension for WindowsStandalone target not found
Refreshing native plugins compatible for Editor in 66.83 ms, found 1 plugins.
Preloading 0 native plugins for Editor in 0.00 ms.
Invoked RoslynAnalysisRunner static constructor.
RoslynAnalysisRunner will not be running.
RoslynAnalysisRunner has terminated.
Mono: successfully reloaded assembly
- Completed reload, in  1.852 seconds
Platform modules already initialized, skipping
========================================================================
Worker process is ready to serve import requests
Launched and connected shader compiler UnityShaderCompiler.exe after 0.09 seconds
Refreshing native plugins compatible for Editor in 0.52 ms, found 1 plugins.
Preloading 0 native plugins for Editor in 0.00 ms.
Unloading 1777 Unused Serialized files (Serialized files now loaded: 0)
System memory in use before: 83.6 MB.
System memory in use after: 83.7 MB.

Unloading 19 unused Assets to reduce memory usage. Loaded Objects now: 2221.
Total: 2.521700 ms (FindLiveObjects: 0.232600 ms CreateObjectMapping: 0.088300 ms MarkObjects: 2.142400 ms  DeleteObjects: 0.056800 ms)

========================================================================
Received Import Request.
  path: Assets/BayatGames/Free Platform Game Assets/Enemies/New Enemy ( Update 1.9 )/8x/Circle.png
  artifactKey: Guid(1a665d63a39c8324da96957bf11f5e48) Importer(815301076,1909f56bfc062723c751e8b465ee728b)
Start importing Assets/BayatGames/Free Platform Game Assets/Enemies/New Enemy ( Update 1.9 )/8x/Circle.png using Guid(1a665d63a39c8324da96957bf11f5e48) Importer(815301076,1909f56bfc062723c751e8b465ee728b)  -> (artifact id: '819242738618e10788caebbfdc0b9009') in 0.497531 seconds
  Import took 0.502497 seconds .

========================================================================
Received Import Request.
  Time since last request: 0.000668 seconds.
  path: Assets/BayatGames/Free Platform Game Assets/Enemies/New Enemy ( Update 1.9 )/8x/Square.png
  artifactKey: Guid(a0325b0374e9ebc458051a5756fdef31) Importer(815301076,1909f56bfc062723c751e8b465ee728b)
Start importing Assets/BayatGames/Free Platform Game Assets/Enemies/New Enemy ( Update 1.9 )/8x/Square.png using Guid(a0325b0374e9ebc458051a5756fdef31) Importer(815301076,1909f56bfc062723c751e8b465ee728b)  -> (artifact id: 'b1820249f879dab5761539788d945929') in 0.046193 seconds
  Import took 0.051519 seconds .

========================================================================
Received Import Request.
  Time since last request: 0.000437 seconds.
  path: Assets/BayatGames/Free Platform Game Assets/Enemies/New Enemy ( Update 1.9 )/8x/Mace-Chain.png
  artifactKey: Guid(eacfb4eb999a5754cb662c1c764387d3) Importer(815301076,1909f56bfc062723c751e8b465ee728b)
Start importing Assets/BayatGames/Free Platform Game Assets/Enemies/New Enemy ( Update 1.9 )/8x/Mace-Chain.png using Guid(eacfb4eb999a5754cb662c1c764387d3) Importer(815301076,1909f56bfc062723c751e8b465ee728b)  -> (artifact id: 'b793e5f71b98d78da3faa493ef999b03') in 0.044879 seconds
  Import took 0.051400 seconds .

========================================================================
Received Import Request.
  Time since last request: 0.000491 seconds.
  path: Assets/BayatGames/Free Platform Game Assets/Enemies/New Enemy ( Update 1.9 )/8x/Chain-1.png
  artifactKey: Guid(32d015e157dd8bb4a8c4755343c0d37b) Importer(815301076,1909f56bfc062723c751e8b465ee728b)
Start importing Assets/BayatGames/Free Platform Game Assets/Enemies/New Enemy ( Update 1.9 )/8x/Chain-1.png using Guid(32d015e157dd8bb4a8c4755343c0d37b) Importer(815301076,1909f56bfc062723c751e8b465ee728b)  -> (artifact id: '0aecd17c15910623f6ef7595ee47c530') in 0.044882 seconds
  Import took 0.051509 seconds .

========================================================================
Received Import Request.
  Time since last request: 0.000406 seconds.
  path: Assets/BayatGames/Free Platform Game Assets/Enemies/New Enemy ( Update 1.9 )/8x/Chain-2.png
  artifactKey: Guid(90bed42d07262c343893f98710ccfea3) Importer(815301076,1909f56bfc062723c751e8b465ee728b)
Start importing Assets/BayatGames/Free Platform Game Assets/Enemies/New Enemy ( Update 1.9 )/8x/Chain-2.png using Guid(90bed42d07262c343893f98710ccfea3) Importer(815301076,1909f56bfc062723c751e8b465ee728b)  -> (artifact id: 'd9343b0d1367309cc8b8a35c4fa1f652') in 0.041379 seconds
  Import took 0.048928 seconds .

========================================================================
Received Import Request.
  Time since last request: 0.000311 seconds.
  path: Assets/BayatGames/Free Platform Game Assets/Enemies/New Enemy ( Update 1.9 )/8x/Chain-3.png
  artifactKey: Guid(52b14921307165146bdfebb9c31cbdde) Importer(815301076,1909f56bfc062723c751e8b465ee728b)
Start importing Assets/BayatGames/Free Platform Game Assets/Enemies/New Enemy ( Update 1.9 )/8x/Chain-3.png using Guid(52b14921307165146bdfebb9c31cbdde) Importer(815301076,1909f56bfc062723c751e8b465ee728b)  -> (artifact id: '3f17a5dccf41ea0263206ec1dc3975a7') in 0.047139 seconds
  Import took 0.053905 seconds .

========================================================================
Received Import Request.
  Time since last request: 0.000518 seconds.
  path: Assets/BayatGames/Free Platform Game Assets/Enemies/New Enemy ( Update 1.9 )/8x/Mace.png
  artifactKey: Guid(fc97ccf59fb092546ba0bebe3e9e0142) Importer(815301076,1909f56bfc062723c751e8b465ee728b)
Start importing Assets/BayatGames/Free Platform Game Assets/Enemies/New Enemy ( Update 1.9 )/8x/Mace.png using Guid(fc97ccf59fb092546ba0bebe3e9e0142) Importer(815301076,1909f56bfc062723c751e8b465ee728b)  -> (artifact id: 'f928c32d5c42adb261d76eed7aa36209') in 0.050183 seconds
  Import took 0.056480 seconds .

========================================================================
Received Prepare
Registering precompiled user dll's ...
Registered in 0.011114 seconds.
Begin MonoManager ReloadAssembly
Native extension for WindowsStandalone target not found
Refreshing native plugins compatible for Editor in 2.02 ms, found 1 plugins.
Preloading 0 native plugins for Editor in 0.00 ms.
Invoked RoslynAnalysisRunner static constructor.
RoslynAnalysisRunner will not be running.
RoslynAnalysisRunner has terminated.
Mono: successfully reloaded assembly
- Completed reload, in 11.492 seconds
Platform modules already initialized, skipping
Refreshing native plugins compatible for Editor in 1.24 ms, found 1 plugins.
Preloading 0 native plugins for Editor in 0.00 ms.
Unloading 1768 Unused Serialized files (Serialized files now loaded: 0)
System memory in use before: 86.5 MB.
System memory in use after: 86.6 MB.

Unloading 8 unused Assets to reduce memory usage. Loaded Objects now: 2239.
Total: 178.496900 ms (FindLiveObjects: 8.407700 ms CreateObjectMapping: 0.198400 ms MarkObjects: 168.779400 ms  DeleteObjects: 1.107900 ms)

========================================================================
Received Prepare
Registering precompiled user dll's ...
Registered in 0.259034 seconds.
Begin MonoManager ReloadAssembly
Native extension for WindowsStandalone target not found
Refreshing native plugins compatible for Editor in 1.69 ms, found 1 plugins.
Preloading 0 native plugins for Editor in 0.00 ms.
Invoked RoslynAnalysisRunner static constructor.
RoslynAnalysisRunner will not be running.
RoslynAnalysisRunner has terminated.
Mono: successfully reloaded assembly
- Completed reload, in  4.994 seconds
Platform modules already initialized, skipping
Refreshing native plugins compatible for Editor in 1.17 ms, found 1 plugins.
Preloading 0 native plugins for Editor in 0.00 ms.
Unloading 1768 Unused Serialized files (Serialized files now loaded: 0)
System memory in use before: 86.6 MB.
System memory in use after: 86.7 MB.

Unloading 8 unused Assets to reduce memory usage. Loaded Objects now: 2241.
Total: 25.190000 ms (FindLiveObjects: 1.082300 ms CreateObjectMapping: 0.207200 ms MarkObjects: 23.564400 ms  DeleteObjects: 0.072600 ms)

AssetImportWorkerClient::OnTransportError - code=2 error=End of file
