Using pre-set license
Built from '2020.2/release' branch; Version is '2020.2.1f1 (270dd8c3da1c) revision 2559448'; Using compiler version '192528614'; Build Type 'Release'
OS: 'Windows 10  (10.0.0) 64bit' Language: 'en' Physical Memory: 8107 MB
BatchMode: 1, IsHumanControllingUs: 0, StartBugReporterOnCrash: 0, Is64bit: 1, IsPro: 0

 COMMAND LINE ARGUMENTS:
C:\Users\piroo\Unity\2020.2.1f1\Editor\Unity.exe
-adb2
-batchMode
-noUpm
-name
AssetImportWorker0
-projectPath
C:/Users/piroo/Unity/Vectoria
-logFile
Logs/AssetImportWorker0.log
-srvPort
51751
Successfully changed project path to: C:/Users/piroo/Unity/Vectoria
C:/Users/piroo/Unity/Vectoria
Using Asset Import Pipeline V2.
Refreshing native plugins compatible for Editor in 218.32 ms, found 1 plugins.
Preloading 0 native plugins for Editor in 0.00 ms.
Initialize engine version: 2020.2.1f1 (270dd8c3da1c)
[Subsystems] Discovering subsystems at path C:/Users/piroo/Unity/2020.2.1f1/Editor/Data/Resources/UnitySubsystems
[Subsystems] Discovering subsystems at path C:/Users/piroo/Unity/Vectoria/Assets
GfxDevice: creating device client; threaded=0
Direct3D:
    Version:  Direct3D 11.0 [level 11.1]
    Renderer: Intel(R) UHD Graphics 620 (ID=0x5917)
    Vendor:   
    VRAM:     4053 MB
    Driver:   26.20.100.7324
Initialize mono
Mono path[0] = 'C:/Users/piroo/Unity/2020.2.1f1/Editor/Data/Managed'
Mono path[1] = 'C:/Users/piroo/Unity/2020.2.1f1/Editor/Data/MonoBleedingEdge/lib/mono/unityjit'
Mono config path = 'C:/Users/piroo/Unity/2020.2.1f1/Editor/Data/MonoBleedingEdge/etc'
Using monoOptions --debugger-agent=transport=dt_socket,embedding=1,server=y,suspend=n,address=127.0.0.1:56376
Begin MonoManager ReloadAssembly
Registering precompiled unity dll's ...
Register platform support module: C:/Users/piroo/Unity/2020.2.1f1/Editor/Data/PlaybackEngines/WindowsStandaloneSupport/UnityEditor.WindowsStandalone.Extensions.dll
Registered in 0.006146 seconds.
Native extension for WindowsStandalone target not found
Refreshing native plugins compatible for Editor in 123.66 ms, found 1 plugins.
Preloading 0 native plugins for Editor in 0.00 ms.
Invoked RoslynAnalysisRunner static constructor.
RoslynAnalysisRunner will not be running.
RoslynAnalysisRunner has terminated.
Mono: successfully reloaded assembly
- Completed reload, in  6.760 seconds
Platform modules already initialized, skipping
Registering precompiled user dll's ...
Registered in 0.087345 seconds.
Begin MonoManager ReloadAssembly
Native extension for WindowsStandalone target not found
Refreshing native plugins compatible for Editor in 141.26 ms, found 1 plugins.
Preloading 0 native plugins for Editor in 0.00 ms.
Invoked RoslynAnalysisRunner static constructor.
RoslynAnalysisRunner will not be running.
RoslynAnalysisRunner has terminated.
Mono: successfully reloaded assembly
- Completed reload, in  3.491 seconds
Platform modules already initialized, skipping
========================================================================
Worker process is ready to serve import requests
Launched and connected shader compiler UnityShaderCompiler.exe after 0.11 seconds
Refreshing native plugins compatible for Editor in 0.96 ms, found 1 plugins.
Preloading 0 native plugins for Editor in 0.00 ms.
Unloading 1777 Unused Serialized files (Serialized files now loaded: 0)
System memory in use before: 83.6 MB.
System memory in use after: 83.7 MB.

Unloading 19 unused Assets to reduce memory usage. Loaded Objects now: 2221.
Total: 3.559600 ms (FindLiveObjects: 0.336300 ms CreateObjectMapping: 0.162100 ms MarkObjects: 2.965600 ms  DeleteObjects: 0.093600 ms)

========================================================================
Received Import Request.
  path: Assets/Platform.physicsMaterial2D
  artifactKey: Guid(106899ed6f5183243b2ab38c7866296e) Importer(815301076,1909f56bfc062723c751e8b465ee728b)
Start importing Assets/Platform.physicsMaterial2D using Guid(106899ed6f5183243b2ab38c7866296e) Importer(815301076,1909f56bfc062723c751e8b465ee728b)  -> (artifact id: '32cb09ab4ae460dae4b368ea3f4a8309') in 0.177924 seconds
  Import took 0.188719 seconds .

